<?xml version="1.0" encoding="UTF-8"?>
<coverage generated="1558285630567" clover="3.2.0">
  <project timestamp="1558285630567" name="All files">
    <metrics statements="53" coveredstatements="53" conditionals="14" coveredconditionals="14" methods="14" coveredmethods="14" elements="81" coveredelements="81" complexity="0" loc="53" ncloc="53" packages="1" files="1" classes="1"/>
    <file name="use-query.js" path="/Users/euki/Documents/code/os/use-query/src/use-query.js">
      <metrics statements="53" coveredstatements="53" conditionals="14" coveredconditionals="14" methods="14" coveredmethods="14"/>
      <line num="12" count="172" type="stmt"/>
      <line num="13" count="172" type="stmt"/>
      <line num="14" count="172" type="stmt"/>
      <line num="16" count="172" type="stmt"/>
      <line num="17" count="172" type="stmt"/>
      <line num="19" count="172" type="stmt"/>
      <line num="20" count="24" type="stmt"/>
      <line num="23" count="172" type="stmt"/>
      <line num="24" count="24" type="stmt"/>
      <line num="25" count="24" type="stmt"/>
      <line num="29" count="25" type="stmt"/>
      <line num="30" count="25" type="cond" truecount="2" falsecount="0"/>
      <line num="31" count="4" type="cond" truecount="2" falsecount="0"/>
      <line num="32" count="4" type="stmt"/>
      <line num="33" count="4" type="stmt"/>
      <line num="39" count="29" type="stmt"/>
      <line num="40" count="29" type="stmt"/>
      <line num="44" count="50" type="stmt"/>
      <line num="45" count="50" type="stmt"/>
      <line num="47" count="50" type="stmt"/>
      <line num="48" count="50" type="stmt"/>
      <line num="49" count="50" type="stmt"/>
      <line num="50" count="41" type="stmt"/>
      <line num="51" count="41" type="stmt"/>
      <line num="53" count="9" type="stmt"/>
      <line num="54" count="9" type="stmt"/>
      <line num="55" count="9" type="stmt"/>
      <line num="60" count="9" type="stmt"/>
      <line num="61" count="9" type="stmt"/>
      <line num="62" count="9" type="stmt"/>
      <line num="66" count="8" type="stmt"/>
      <line num="67" count="4" type="stmt"/>
      <line num="68" count="4" type="stmt"/>
      <line num="69" count="4" type="stmt"/>
      <line num="70" count="4" type="stmt"/>
      <line num="75" count="11" type="stmt"/>
      <line num="79" count="7" type="stmt"/>
      <line num="83" count="13" type="cond" truecount="3" falsecount="0"/>
      <line num="84" count="13" type="cond" truecount="3" falsecount="0"/>
      <line num="85" count="13" type="stmt"/>
      <line num="86" count="13" type="stmt"/>
      <line num="87" count="13" type="stmt"/>
      <line num="88" count="13" type="cond" truecount="2" falsecount="0"/>
      <line num="89" count="9" type="stmt"/>
      <line num="90" count="9" type="stmt"/>
      <line num="94" count="24" type="stmt"/>
      <line num="95" count="24" type="stmt"/>
      <line num="96" count="24" type="stmt"/>
      <line num="99" count="172" type="stmt"/>
      <line num="100" count="172" type="stmt"/>
      <line num="101" count="172" type="stmt"/>
      <line num="102" count="172" type="stmt"/>
      <line num="105" count="172" type="stmt"/>
    </file>
  </project>
</coverage>
