{"/Users/euki/Documents/code/os/use-query/src/use-query.js": {"path":"/Users/euki/Documents/code/os/use-query/src/use-query.js","statementMap":{"0":{"start":{"line":12,"column":41},"end":{"line":12,"column":62}},"1":{"start":{"line":13,"column":25},"end":{"line":13,"column":39}},"2":{"start":{"line":14,"column":27},"end":{"line":14,"column":41}},"3":{"start":{"line":16,"column":19},"end":{"line":16,"column":31}},"4":{"start":{"line":17,"column":23},"end":{"line":17,"column":35}},"5":{"start":{"line":19,"column":1},"end":{"line":21,"column":8}},"6":{"start":{"line":20,"column":2},"end":{"line":20,"column":17}},"7":{"start":{"line":23,"column":1},"end":{"line":26,"column":28}},"8":{"start":{"line":24,"column":2},"end":{"line":24,"column":17}},"9":{"start":{"line":25,"column":2},"end":{"line":25,"column":21}},"10":{"start":{"line":29,"column":2},"end":{"line":29,"column":16}},"11":{"start":{"line":30,"column":2},"end":{"line":35,"column":3}},"12":{"start":{"line":31,"column":3},"end":{"line":31,"column":62}},"13":{"start":{"line":31,"column":32},"end":{"line":31,"column":62}},"14":{"start":{"line":32,"column":3},"end":{"line":34,"column":6}},"15":{"start":{"line":33,"column":4},"end":{"line":33,"column":11}},"16":{"start":{"line":39,"column":2},"end":{"line":39,"column":35}},"17":{"start":{"line":40,"column":2},"end":{"line":40,"column":29}},"18":{"start":{"line":44,"column":2},"end":{"line":44,"column":34}},"19":{"start":{"line":45,"column":2},"end":{"line":45,"column":17}},"20":{"start":{"line":47,"column":2},"end":{"line":56,"column":3}},"21":{"start":{"line":48,"column":3},"end":{"line":48,"column":43}},"22":{"start":{"line":49,"column":16},"end":{"line":49,"column":45}},"23":{"start":{"line":50,"column":3},"end":{"line":50,"column":34}},"24":{"start":{"line":51,"column":3},"end":{"line":51,"column":26}},"25":{"start":{"line":53,"column":3},"end":{"line":53,"column":15}},"26":{"start":{"line":54,"column":3},"end":{"line":54,"column":34}},"27":{"start":{"line":55,"column":3},"end":{"line":55,"column":21}},"28":{"start":{"line":60,"column":25},"end":{"line":60,"column":56}},"29":{"start":{"line":61,"column":2},"end":{"line":61,"column":20}},"30":{"start":{"line":62,"column":2},"end":{"line":62,"column":27}},"31":{"start":{"line":66,"column":2},"end":{"line":71,"column":27}},"32":{"start":{"line":67,"column":26},"end":{"line":67,"column":54}},"33":{"start":{"line":68,"column":3},"end":{"line":68,"column":21}},"34":{"start":{"line":69,"column":3},"end":{"line":69,"column":28}},"35":{"start":{"line":70,"column":3},"end":{"line":70,"column":10}},"36":{"start":{"line":75,"column":2},"end":{"line":75,"column":38}},"37":{"start":{"line":79,"column":2},"end":{"line":79,"column":57}},"38":{"start":{"line":83,"column":2},"end":{"line":83,"column":77}},"39":{"start":{"line":84,"column":2},"end":{"line":84,"column":77}},"40":{"start":{"line":85,"column":15},"end":{"line":85,"column":39}},"41":{"start":{"line":86,"column":28},"end":{"line":86,"column":62}},"42":{"start":{"line":87,"column":2},"end":{"line":87,"column":27}},"43":{"start":{"line":88,"column":2},"end":{"line":88,"column":31}},"44":{"start":{"line":88,"column":24},"end":{"line":88,"column":31}},"45":{"start":{"line":89,"column":21},"end":{"line":89,"column":52}},"46":{"start":{"line":90,"column":2},"end":{"line":90,"column":26}},"47":{"start":{"line":94,"column":25},"end":{"line":94,"column":57}},"48":{"start":{"line":95,"column":2},"end":{"line":95,"column":20}},"49":{"start":{"line":96,"column":2},"end":{"line":96,"column":27}},"50":{"start":{"line":99,"column":17},"end":{"line":99,"column":46}},"51":{"start":{"line":100,"column":19},"end":{"line":100,"column":47}},"52":{"start":{"line":101,"column":21},"end":{"line":101,"column":52}},"53":{"start":{"line":102,"column":17},"end":{"line":102,"column":42}},"54":{"start":{"line":105,"column":1},"end":{"line":117,"column":2}}},"fnMap":{"0":{"name":"(anonymous_0)","decl":{"start":{"line":11,"column":15},"end":{"line":11,"column":16}},"loc":{"start":{"line":11,"column":44},"end":{"line":118,"column":1}},"line":11},"1":{"name":"(anonymous_1)","decl":{"start":{"line":19,"column":11},"end":{"line":19,"column":12}},"loc":{"start":{"line":19,"column":17},"end":{"line":21,"column":2}},"line":19},"2":{"name":"(anonymous_2)","decl":{"start":{"line":23,"column":11},"end":{"line":23,"column":12}},"loc":{"start":{"line":23,"column":17},"end":{"line":26,"column":2}},"line":23},"3":{"name":"startPolling","decl":{"start":{"line":28,"column":16},"end":{"line":28,"column":28}},"loc":{"start":{"line":28,"column":32},"end":{"line":36,"column":2}},"line":28},"4":{"name":"(anonymous_4)","decl":{"start":{"line":32,"column":14},"end":{"line":32,"column":15}},"loc":{"start":{"line":32,"column":20},"end":{"line":34,"column":4}},"line":32},"5":{"name":"stopPolling","decl":{"start":{"line":38,"column":10},"end":{"line":38,"column":21}},"loc":{"start":{"line":38,"column":25},"end":{"line":41,"column":2}},"line":38},"6":{"name":"fetch","decl":{"start":{"line":43,"column":16},"end":{"line":43,"column":21}},"loc":{"start":{"line":43,"column":46},"end":{"line":57,"column":2}},"line":43},"7":{"name":"refetch","decl":{"start":{"line":59,"column":16},"end":{"line":59,"column":23}},"loc":{"start":{"line":59,"column":33},"end":{"line":63,"column":2}},"line":59},"8":{"name":"poll","decl":{"start":{"line":65,"column":16},"end":{"line":65,"column":20}},"loc":{"start":{"line":65,"column":30},"end":{"line":72,"column":2}},"line":65},"9":{"name":"(anonymous_9)","decl":{"start":{"line":66,"column":35},"end":{"line":66,"column":36}},"loc":{"start":{"line":66,"column":47},"end":{"line":71,"column":3}},"line":66},"10":{"name":"defaultUpdateParams","decl":{"start":{"line":74,"column":10},"end":{"line":74,"column":29}},"loc":{"start":{"line":74,"column":43},"end":{"line":76,"column":2}},"line":74},"11":{"name":"defaultUpdateResult","decl":{"start":{"line":78,"column":10},"end":{"line":78,"column":29}},"loc":{"start":{"line":78,"column":53},"end":{"line":80,"column":2}},"line":78},"12":{"name":"fetchMore","decl":{"start":{"line":82,"column":16},"end":{"line":82,"column":25}},"loc":{"start":{"line":82,"column":64},"end":{"line":91,"column":2}},"line":82},"13":{"name":"firstFetch","decl":{"start":{"line":93,"column":16},"end":{"line":93,"column":26}},"loc":{"start":{"line":93,"column":36},"end":{"line":97,"column":2}},"line":93}},"branchMap":{"0":{"loc":{"start":{"line":11,"column":32},"end":{"line":11,"column":42}},"type":"default-arg","locations":[{"start":{"line":11,"column":40},"end":{"line":11,"column":42}}],"line":11},"1":{"loc":{"start":{"line":30,"column":2},"end":{"line":35,"column":3}},"type":"if","locations":[{"start":{"line":30,"column":2},"end":{"line":35,"column":3}},{"start":{"line":30,"column":2},"end":{"line":35,"column":3}}],"line":30},"2":{"loc":{"start":{"line":31,"column":3},"end":{"line":31,"column":62}},"type":"if","locations":[{"start":{"line":31,"column":3},"end":{"line":31,"column":62}},{"start":{"line":31,"column":3},"end":{"line":31,"column":62}}],"line":31},"3":{"loc":{"start":{"line":82,"column":27},"end":{"line":82,"column":62}},"type":"default-arg","locations":[{"start":{"line":82,"column":60},"end":{"line":82,"column":62}}],"line":82},"4":{"loc":{"start":{"line":83,"column":17},"end":{"line":83,"column":76}},"type":"binary-expr","locations":[{"start":{"line":83,"column":17},"end":{"line":83,"column":29}},{"start":{"line":83,"column":33},"end":{"line":83,"column":53}},{"start":{"line":83,"column":57},"end":{"line":83,"column":76}}],"line":83},"5":{"loc":{"start":{"line":84,"column":17},"end":{"line":84,"column":76}},"type":"binary-expr","locations":[{"start":{"line":84,"column":17},"end":{"line":84,"column":29}},{"start":{"line":84,"column":33},"end":{"line":84,"column":53}},{"start":{"line":84,"column":57},"end":{"line":84,"column":76}}],"line":84},"6":{"loc":{"start":{"line":88,"column":2},"end":{"line":88,"column":31}},"type":"if","locations":[{"start":{"line":88,"column":2},"end":{"line":88,"column":31}},{"start":{"line":88,"column":2},"end":{"line":88,"column":31}}],"line":88}},"s":{"0":172,"1":172,"2":172,"3":172,"4":172,"5":172,"6":24,"7":172,"8":24,"9":24,"10":25,"11":25,"12":4,"13":3,"14":4,"15":4,"16":29,"17":29,"18":50,"19":50,"20":50,"21":50,"22":50,"23":41,"24":41,"25":9,"26":9,"27":9,"28":9,"29":9,"30":9,"31":8,"32":4,"33":4,"34":4,"35":4,"36":11,"37":7,"38":13,"39":13,"40":13,"41":13,"42":13,"43":13,"44":4,"45":9,"46":9,"47":24,"48":24,"49":24,"50":172,"51":172,"52":172,"53":172,"54":172},"f":{"0":172,"1":24,"2":24,"3":25,"4":4,"5":29,"6":50,"7":9,"8":8,"9":4,"10":11,"11":7,"12":13,"13":24},"b":{"0":[143],"1":[4,21],"2":[3,1],"3":[12],"4":[13,12,11],"5":[13,12,11],"6":[4,9]},"_coverageSchema":"43e27e138ebf9cfc5966b082cf9a028302ed4184","hash":"c7d64f35038e421b357f227186b4e64400e9335a"}
}
