TN:
SF:/Users/euki/Documents/code/os/use-query/src/use-query.js
FN:11,(anonymous_0)
FN:19,(anonymous_1)
FN:23,(anonymous_2)
FN:28,startPolling
FN:32,(anonymous_4)
FN:38,stopPolling
FN:43,fetch
FN:59,refetch
FN:65,poll
FN:66,(anonymous_9)
FN:74,defaultUpdateParams
FN:78,defaultUpdateResult
FN:82,fetchMore
FN:93,firstFetch
FNF:14
FNH:14
FNDA:172,(anonymous_0)
FNDA:24,(anonymous_1)
FNDA:24,(anonymous_2)
FNDA:25,startPolling
FNDA:4,(anonymous_4)
FNDA:29,stopPolling
FNDA:50,fetch
FNDA:9,refetch
FNDA:8,poll
FNDA:4,(anonymous_9)
FNDA:11,defaultUpdateParams
FNDA:7,defaultUpdateResult
FNDA:13,fetchMore
FNDA:24,firstFetch
DA:12,172
DA:13,172
DA:14,172
DA:16,172
DA:17,172
DA:19,172
DA:20,24
DA:23,172
DA:24,24
DA:25,24
DA:29,25
DA:30,25
DA:31,4
DA:32,4
DA:33,4
DA:39,29
DA:40,29
DA:44,50
DA:45,50
DA:47,50
DA:48,50
DA:49,50
DA:50,41
DA:51,41
DA:53,9
DA:54,9
DA:55,9
DA:60,9
DA:61,9
DA:62,9
DA:66,8
DA:67,4
DA:68,4
DA:69,4
DA:70,4
DA:75,11
DA:79,7
DA:83,13
DA:84,13
DA:85,13
DA:86,13
DA:87,13
DA:88,13
DA:89,9
DA:90,9
DA:94,24
DA:95,24
DA:96,24
DA:99,172
DA:100,172
DA:101,172
DA:102,172
DA:105,172
LF:53
LH:53
BRDA:11,0,0,143
BRDA:30,1,0,4
BRDA:30,1,1,21
BRDA:31,2,0,3
BRDA:31,2,1,1
BRDA:82,3,0,12
BRDA:83,4,0,13
BRDA:83,4,1,12
BRDA:83,4,2,11
BRDA:84,5,0,13
BRDA:84,5,1,12
BRDA:84,5,2,11
BRDA:88,6,0,4
BRDA:88,6,1,9
BRF:14
BRH:14
end_of_record
